Report       : LCD-Scope Mega16
Date         : 05-05-2020
Time         : 13:53:48

Compiler     : BASCOM-AVR LIBRARY V 2.0.7.9,  DEMO Edition
Processor    : M16
SRAM         : 400 hex
EEPROM       : 200 hex
ROMSIZE      : 4000 hex

ROMIMAGE     : 45E hex  -> Will fit into ROM
ROMIMAGE     :  1118 dec
FLASH USED   :  6  %
BAUD         : 9600 Baud
XTAL         : 8000000 Hz
BAUD error   : 0.16%

Stack start  : 45F hex
Stack size   : 28 hex
S-Stacksize  : 10 hex
S-Stackstart : 438 hex
Framesize    : 20 hex
Framestart   : 408 hex
Space left   :  923  dec

LCD DB7      : PORTA.5
LCD DB6      : PORTA.4
LCD DB5      : PORTA.3
LCD DB4      : PORTA.2
LCD E        : PORTA.1
LCD RS       : PORTA.0
LCD mode     :  4  bit

--------------------------------------------------------------------------------
Variable                         Type            Address(hex)   Address(dec)
--------------------------------------------------------------------------------
SP                               Word              005D          93 
TCNT1                            Word              004C          76 
OCR1A                            Word              004A          74 
OCR1B                            Word              0048          72 
ICR1                             Word              0046          70 
EEAR                             Word              003E          62 
ADC                              Word              0024          36 
TIMER1                           Word              004C          76 
COMPARE1A                        Word              004A          74 
COMPARE1B                        Word              0048          72 
CAPTURE1                         Word              0046          70 
HWSTACK                          Word              005D          93 
SWSTACK                          Word              001C          28 
FRAME                            Word              0004          4 
R0                                                 0000          0 
R1                                                 0001          1 
R2                                                 0002          2 
R3                                                 0003          3 
R4                                                 0004          4 
R5                                                 0005          5 
R6                                                 0006          6 
R7                                                 0007          7 
R8                                                 0008          8 
R9                                                 0009          9 
R10                                                000A          10 
R11                                                000B          11 
R12                                                000C          12 
R13                                                000D          13 
R14                                                000E          14 
R15                                                000F          15 
R16                                                0010          16 
R17                                                0011          17 
R18                                                0012          18 
R19                                                0013          19 
R20                                                0014          20 
R21                                                0015          21 
R22                                                0016          22 
R23                                                0017          23 
R24                                                0018          24 
R25                                                0019          25 
R26                                                001A          26 
R27                                                001B          27 
R28                                                001C          28 
R29                                                001D          29 
R30                                                001E          30 
R31                                                001F          31 
ADCD                             Word              0024          36 
COUNTER1                         Word              004C          76 
TIMER1                           Word              004C          76 
CAPTURE1                         Word              0046          70 
COMPARE1A                        Word              004A          74 
PWM1A                            Word              004A          74 
COMPARE1                         Word              004A          74 
PWM1B                            Word              0048          72 
COMPARE1B                        Word              0048          72 
PWM0                             Byte              005C          92 
ERR                              Bit [2]           0006          6 
A                                Byte              0060          96 
B                                Byte              0061          97 
C                                Byte              0062          98 
D                                Byte              0063          99 
E                                Bit [7]           0064          100 
F                                Bit [6]           0064          100 
I                                Integer           0065          101 
J                                Integer           0067          103 
X                                Word              0069          105 
Y                                Word              006B          107 

--------------------------------------------------------------------------------
Constant                         Value
--------------------------------------------------------------------------------
SREG                             &H3F
SPH                              &H3E
SPL                              &H3D
OCR0                             &H3C
PWM0                             &H3C
COMPARE0                         &H3C
GICR                             &H3B
GIMSK                            &H3B
GIFR                             &H3A
TIMSK                            &H39
TIFR                             &H38
SPMCR                            &H37
SPMCSR                           &H37
I2CR                             &H36
TWCR                             &H36
MCUCR                            &H35
MCUSR                            &H34
MCUCSR                           &H34
TCCR0                            &H33
TCNT0                            &H32
COUNTER0                         &H32
TIMER0                           &H32
OSCCAL                           &H31
SFIOR                            &H30
TCCR1A                           &H2F
TCCR1B                           &H2E
TCNT1H                           &H2D
TCNT1L                           &H2C
OCR1AH                           &H2B
OCR1AL                           &H2A
OCR1BH                           &H29
OCR1BL                           &H28
ICR1H                            &H27
ICR1L                            &H26
TCCR2                            &H25
TCNT2                            &H24
TIMER2                           &H24
COUNTER2                         &H24
OCR2                             &H23
PWM2                             &H23
COMPARE2                         &H23
ASSR                             &H22
WDTCR                            &H21
UBRRHI                           &H20
UBRRH                            &H20
EEARH                            &H1F
EEARL                            &H1E
EEDR                             &H1D
EECR                             &H1C
PORTA                            &H1B
DDRA                             &H1A
PINA                             &H19
PORTB                            &H18
DDRB                             &H17
PINB                             &H16
PORTC                            &H15
DDRC                             &H14
PINC                             &H13
PORTD                            &H12
DDRD                             &H11
PIND                             &H10
SPDR                             &H0F
SPSR                             &H0E
SPCR                             &H0D
UDR                              &H0C
UCSRA                            &H0B
UCSR0A                           &H0B
USR                              &H0B
UCSRB                            &H0A
UCR                              &H0A
UCSRC                            &H20
UBRR                             &H09
UBRRL                            &H09
ACSR                             &H08
ADMUX                            &H07
ADCSRA                           &H06
ADCSR                            &H06
ADCH                             &H05
ADCL                             &H04
TWDR                             &H03
TWAR                             &H02
TWSR                             &H01
TWBR                             &H00
I2DR                             &H03
I2AR                             &H02
I2SR                             &H01
I2BR                             &H00
_ROMSIZE                         16384
INT1                             7
INT0                             6
INT2                             5
IVSEL                            1
IVCE                             0
INTF1                            7
INTF0                            6
INTF2                            5
TOIE0                            0
OCIE0                            1
TOIE1                            2
OCIE1B                           3
OCIE1A                           4
TICIE1                           5
TOIE2                            6
OCIE2                            7
TOV0                             0
OCF0                             1
TOV1                             2
OCF1B                            3
OCF1A                            4
ICF1                             5
TOV2                             6
OCF2                             7
SPMIE                            7
ASB                              6
ASRE                             4
BLBSET                           3
PGWRT                            2
PGERS                            1
SPMEN                            0
TWINT                            7
TWEA                             6
TWSTA                            5
TWSTO                            4
TWWC                             3
TWEN                             2
TWIE                             0
SM2                              7
SE                               6
SM1                              5
SM0                              4
ISC11                            3
ISC10                            2
ISC01                            1
ISC00                            0
ISC2                             6
WDRF                             3
BORF                             2
EXTRF                            1
PORF                             0
FOC0                             7
PWM0BIT                          6
WGM00                            6
COM01                            5
COM00                            4
CTC0                             3
WGM01                            3
CS02                             2
CS01                             1
CS00                             0
ADTS2                            7
ADTS1                            6
ADTS0                            5
ADHSM                            4
ACME                             3
PUD                              2
PSR2                             1
PSR10                            0
COM1A1                           7
COM1A0                           6
COM1B1                           5
COM1B0                           4
FOC1A                            3
FOC1B                            2
PWM11                            1
PWM10                            0
WGM11                            1
WGM10                            0
ICNC1                            7
ICES1                            6
CTC11                            4
CTC10                            3
CTC1                             3
WGM13                            4
WGM12                            3
CS12                             2
CS11                             1
CS10                             0
FOC2                             7
PWM2BIT                          6
WGM20                            6
COM21                            5
COM20                            4
CTC2                             3
WGM21                            3
CS22                             2
CS21                             1
CS20                             0
AS2                              3
TCN2UB                           2
OCR2UB                           1
TCR2UB                           0
WDTOE                            4
WDE                              3
WDP2                             2
WDP1                             1
WDP0                             0
EERIE                            3
EEMWE                            2
EEWE                             1
EERE                             0
PA7                              7
PA6                              6
PA5                              5
PA4                              4
PA3                              3
PA2                              2
PA1                              1
PA0                              0
DDA7                             7
DDA6                             6
DDA5                             5
DDA4                             4
DDA3                             3
DDA2                             2
DDA1                             1
DDA0                             0
PINA7                            7
PINA6                            6
PINA5                            5
PINA4                            4
PINA3                            3
PINA2                            2
PINA1                            1
PINA0                            0
PB7                              7
PB6                              6
PB5                              5
PB4                              4
PB3                              3
PB2                              2
PB1                              1
PB0                              0
DDB7                             7
DDB6                             6
DDB5                             5
DDB4                             4
DDB3                             3
DDB2                             2
DDB1                             1
DDB0                             0
PINB7                            7
PINB6                            6
PINB5                            5
PINB4                            4
PINB3                            3
PINB2                            2
PINB1                            1
PINB0                            0
PC7                              7
PC6                              6
PC5                              5
PC4                              4
PC3                              3
PC2                              2
PC1                              1
PC0                              0
DDC7                             7
DDC6                             6
DDC5                             5
DDC4                             4
DDC3                             3
DDC2                             2
DDC1                             1
DDC0                             0
PINC7                            7
PINC6                            6
PINC5                            5
PINC4                            4
PINC3                            3
PINC2                            2
PINC1                            1
PINC0                            0
PD7                              7
PD6                              6
PD5                              5
PD4                              4
PD3                              3
PD2                              2
PD1                              1
PD0                              0
DDD7                             7
DDD6                             6
DDD5                             5
DDD4                             4
DDD3                             3
DDD2                             2
DDD1                             1
DDD0                             0
PIND7                            7
PIND6                            6
PIND5                            5
PIND4                            4
PIND3                            3
PIND2                            2
PIND1                            1
PIND0                            0
SPIF                             7
WCOL                             6
SPI2X                            0
SPIE                             7
SPE                              6
DORD                             5
MSTR                             4
CPOL                             3
CPHA                             2
SPR1                             1
SPR0                             0
RXC                              7
TXC                              6
UDRE                             5
FE                               4
OR                               3
DOR                              3
PE                               2
U2X                              1
MPCM                             0
RXCIE                            7
TXCIE                            6
UDRIE                            5
RXEN                             4
TXEN                             3
CHR9                             2
UCSZ2                            2
RXB8                             1
TXB8                             0
URSEL                            7
UMSEL                            6
UPM1                             5
UPM0                             4
USBS                             3
UCSZ1                            2
UCSZ0                            1
UCPOL                            0
ACD                              7
ACBG                             6
ACO                              5
ACI                              4
ACIE                             3
ACIC                             2
ACIS1                            1
ACIS0                            0
REFS1                            7
REFS0                            6
ADLAR                            5
MUX4                             4
MUX3                             3
MUX2                             2
MUX1                             1
MUX0                             0
ADEN                             7
ADSC                             6
ADATE                            5
ADFR                             5
ADIF                             4
ADIE                             3
ADPS2                            2
ADPS1                            1
ADPS0                            0
TWGCE                            0
_DATE_FORMAT                     0
_DATE_SEPARATOR                  92
_GSTRBUF                         1032
_DECIMALPOINT                    46
_RTSCTS                          0
_RTSCTS1                         0
_RTSCTS3                         0
_RTSCTS4                         0
_RTSCTS5                         0
_RTSCTS6                         0
_RTSCTS7                         0
_RTSCTS8                         0
_CHIP                            18
_RAMSIZE                         1024
_ERAMSIZE                        512
_SIM                             0
_HUGE                            0
_BASE                            1
_XTAL                            8000000
_BUILD                           20790
_COMPILER                        90
_HWMUL                           1
_DOSFILEWRITE                    0
_DOSDIRWRITE                     0
_1WEXT                           0
_ADC_REFMODEL                    0
_UARTS                           1
_HWSTACKSTART                    1119
_TIMEOUT                         0
_PBIN_EXTENDED                   0
_BIGSTRINGS                      0
SEROUT_EXTPULL                   1
_FPROTECT                        0
_HWSTACK_LOW                     &H0437
_SWSTACK_LOW                     &H0428
_FRAME_HIGH                      &H0429
_XMEGA                           0
_LCDDBRS                         &H1B
_LCDDBRS_PIN                     0
_LCDDBRSDIR                      &H1A
_LCDDBE                          &H1B
_LCDDBE_PIN                      1
_LCDDBEDIR                       &H1A
_LCDDB4                          &H1B
_LCDDB4_PIN                      2
_LCDDB4DIR                       &H1A
_LCDDB5                          &H1B
_LCDDB5_PIN                      3
_LCDDB5DIR                       &H1A
_LCDDB6                          &H1B
_LCDDB6_PIN                      4
_LCDDB6DIR                       &H1A
_LCDDB7                          &H1B
_LCDDB7_PIN                      5
_LCDDB7DIR                       &H1A
CBITINFINITY                     0
CMBITINFINITY                    1
CBITZERO                         1
CMBITZERO                        2
CBITNAN                          2
CMBITNAN                         4
CBITNANIFINF                     3
CMBITNANIFINF                    8
CBITNANIFMINUS                   4
CMBITNANIFMINUS                  16
CBITSIGN                         7
CMBITSIGN                        128
CEXPADDOFFSET                    0
CEXPSUBOFFSET                    12
CEXPMULOFFSET                    24
CEXPDIVOFFSET                    36


--------------------------------------------------------------------------------
Warnings:
--------------------------------------------------------------------------------
SP                               not used
TCNT1                            not used
OCR1A                            not used
OCR1B                            not used
ICR1                             not used
EEAR                             not used
ADC                              not used
R0                               not used
R1                               not used
R2                               not used
R3                               not used
R4                               not used
R5                               not used
R6                               not used
R7                               not used
R8                               not used
R9                               not used
R10                              not used
R11                              not used
R12                              not used
R13                              not used
R14                              not used
R15                              not used
R16                              not used
R18                              not used
R19                              not used
R20                              not used
R21                              not used
R22                              not used
R23                              not used
R24                              not used
R25                              not used
R26                              not used
R27                              not used
R28                              not used
R29                              not used
R30                              not used
R31                              not used
ADCD                             not used
COMPARE1                         not used
PWM1B                            not used
PWM0                             not used

